This is XeTeX, Version 3.14159265-2.6-0.999992 (MiKTeX 20.10) (preloaded format=xelatex 2020.10.26)  30 OCT 2020 15:48
entering extended mode
**./ujdemografiaiprogram.tex
(ujdemografiaiprogram.tex
LaTeX2e <2020-10-01> patch level 1
L3 programming layer <2020-10-05> xparse <2020-03-03> ("C:\Users\user\AppData\L
ocal\Programs\MiKTeX 2.9\tex/latex/base\article.cls"
Document Class: article 2020/04/10 v1.4m Standard LaTeX document class
("C:\Users\user\AppData\Local\Programs\MiKTeX 2.9\tex/latex/base\size10.clo"
File: size10.clo 2020/04/10 v1.4m Standard LaTeX file (size option)
)
\c@part=\count171
\c@section=\count172
\c@subsection=\count173
\c@subsubsection=\count174
\c@paragraph=\count175
\c@subparagraph=\count176
\c@figure=\count177
\c@table=\count178
\abovecaptionskip=\skip47
\belowcaptionskip=\skip48
\bibindent=\dimen138
) ("C:\Users\user\AppData\Local\Programs\MiKTeX 2.9\tex/latex/lm\lmodern.sty"
Package: lmodern 2009/10/30 v1.6 Latin Modern Fonts
LaTeX Font Info:    Overwriting symbol font `operators' in version `normal'
(Font)                  OT1/cmr/m/n --> OT1/lmr/m/n on input line 22.
LaTeX Font Info:    Overwriting symbol font `letters' in version `normal'
(Font)                  OML/cmm/m/it --> OML/lmm/m/it on input line 23.
LaTeX Font Info:    Overwriting symbol font `symbols' in version `normal'
(Font)                  OMS/cmsy/m/n --> OMS/lmsy/m/n on input line 24.
LaTeX Font Info:    Overwriting symbol font `largesymbols' in version `normal'
(Font)                  OMX/cmex/m/n --> OMX/lmex/m/n on input line 25.
LaTeX Font Info:    Overwriting symbol font `operators' in version `bold'
(Font)                  OT1/cmr/bx/n --> OT1/lmr/bx/n on input line 26.
LaTeX Font Info:    Overwriting symbol font `letters' in version `bold'
(Font)                  OML/cmm/b/it --> OML/lmm/b/it on input line 27.
LaTeX Font Info:    Overwriting symbol font `symbols' in version `bold'
(Font)                  OMS/cmsy/b/n --> OMS/lmsy/b/n on input line 28.
LaTeX Font Info:    Overwriting symbol font `largesymbols' in version `bold'
(Font)                  OMX/cmex/m/n --> OMX/lmex/m/n on input line 29.
LaTeX Font Info:    Overwriting math alphabet `\mathbf' in version `normal'
(Font)                  OT1/cmr/bx/n --> OT1/lmr/bx/n on input line 31.
LaTeX Font Info:    Overwriting math alphabet `\mathsf' in version `normal'
(Font)                  OT1/cmss/m/n --> OT1/lmss/m/n on input line 32.
LaTeX Font Info:    Overwriting math alphabet `\mathit' in version `normal'
(Font)                  OT1/cmr/m/it --> OT1/lmr/m/it on input line 33.
LaTeX Font Info:    Overwriting math alphabet `\mathtt' in version `normal'
(Font)                  OT1/cmtt/m/n --> OT1/lmtt/m/n on input line 34.
LaTeX Font Info:    Overwriting math alphabet `\mathbf' in version `bold'
(Font)                  OT1/cmr/bx/n --> OT1/lmr/bx/n on input line 35.
LaTeX Font Info:    Overwriting math alphabet `\mathsf' in version `bold'
(Font)                  OT1/cmss/bx/n --> OT1/lmss/bx/n on input line 36.
LaTeX Font Info:    Overwriting math alphabet `\mathit' in version `bold'
(Font)                  OT1/cmr/bx/it --> OT1/lmr/bx/it on input line 37.
LaTeX Font Info:    Overwriting math alphabet `\mathtt' in version `bold'
(Font)                  OT1/cmtt/m/n --> OT1/lmtt/m/n on input line 38.
)
("C:\Users\user\AppData\Local\Programs\MiKTeX 2.9\tex/latex/amsfonts\amssymb.st
y"
Package: amssymb 2013/01/14 v3.01 AMS font symbols

("C:\Users\user\AppData\Local\Programs\MiKTeX 2.9\tex/latex/amsfonts\amsfonts.s
ty"
Package: amsfonts 2013/01/14 v3.01 Basic AMSFonts support
\@emptytoks=\toks15
\symAMSa=\mathgroup4
\symAMSb=\mathgroup5
LaTeX Font Info:    Redeclaring math symbol \hbar on input line 98.
LaTeX Font Info:    Overwriting math alphabet `\mathfrak' in version `bold'
(Font)                  U/euf/m/n --> U/euf/b/n on input line 106.
)) ("C:\Users\user\AppData\Local\Programs\MiKTeX 2.9\tex/latex/amsmath\amsmath.
sty"
Package: amsmath 2020/09/23 v2.17i AMS math features
\@mathmargin=\skip49
For additional information on amsmath, use the `?' option.
("C:\Users\user\AppData\Local\Programs\MiKTeX 2.9\tex/latex/amsmath\amstext.sty
"
Package: amstext 2000/06/29 v2.01 AMS text
("C:\Users\user\AppData\Local\Programs\MiKTeX 2.9\tex/latex/amsmath\amsgen.sty"
File: amsgen.sty 1999/11/30 v2.0 generic functions
\@emptytoks=\toks16
\ex@=\dimen139
)) ("C:\Users\user\AppData\Local\Programs\MiKTeX 2.9\tex/latex/amsmath\amsbsy.s
ty"
Package: amsbsy 1999/11/29 v1.2d Bold Symbols
\pmbraise@=\dimen140
) ("C:\Users\user\AppData\Local\Programs\MiKTeX 2.9\tex/latex/amsmath\amsopn.st
y"
Package: amsopn 2016/03/08 v2.02 operator names
)
\inf@bad=\count179
LaTeX Info: Redefining \frac on input line 234.
\uproot@=\count180
\leftroot@=\count181
LaTeX Info: Redefining \overline on input line 399.
\classnum@=\count182
\DOTSCASE@=\count183
LaTeX Info: Redefining \ldots on input line 496.
LaTeX Info: Redefining \dots on input line 499.
LaTeX Info: Redefining \cdots on input line 620.
\Mathstrutbox@=\box47
\strutbox@=\box48
\big@size=\dimen141
LaTeX Font Info:    Redeclaring font encoding OML on input line 743.
LaTeX Font Info:    Redeclaring font encoding OMS on input line 744.
\macc@depth=\count184
\c@MaxMatrixCols=\count185
\dotsspace@=\muskip16
\c@parentequation=\count186
\dspbrk@lvl=\count187
\tag@help=\toks17
\row@=\count188
\column@=\count189
\maxfields@=\count190
\andhelp@=\toks18
\eqnshift@=\dimen142
\alignsep@=\dimen143
\tagshift@=\dimen144
\tagwidth@=\dimen145
\totwidth@=\dimen146
\lineht@=\dimen147
\@envbody=\toks19
\multlinegap=\skip50
\multlinetaggap=\skip51
\mathdisplay@stack=\toks20
LaTeX Info: Redefining \[ on input line 2923.
LaTeX Info: Redefining \] on input line 2924.
) ("C:\Users\user\AppData\Local\Programs\MiKTeX 2.9\tex/generic/iftex\ifxetex.s
ty"
Package: ifxetex 2019/10/25 v0.7 ifxetex legacy package. Use iftex instead.
("C:\Users\user\AppData\Local\Programs\MiKTeX 2.9\tex/generic/iftex\iftex.sty"
Package: iftex 2020/03/06 v1.0d TeX engine tests
))
("C:\Users\user\AppData\Local\Programs\MiKTeX 2.9\tex/generic/iftex\ifluatex.st
y"
Package: ifluatex 2019/10/25 v1.5 ifluatex legacy package. Use iftex instead.
)
("C:\Users\user\AppData\Local\Programs\MiKTeX 2.9\tex/latex/unicode-math\unicod
e-math.sty" ("C:\Users\user\AppData\Local\Programs\MiKTeX 2.9\tex/latex/l3kerne
l\expl3.sty"
Package: expl3 2020-10-05 L3 programming layer (loader) 

("C:\Users\user\AppData\Local\Programs\MiKTeX 2.9\tex/latex/l3backend\l3backend
-xetex.def"
File: l3backend-xetex.def 2020-09-24 L3 backend support: XeTeX
\g__graphics_track_int=\count191
\l__pdf_internal_box=\box49
\g__pdf_backend_object_int=\count192
\g__pdf_backend_annotation_int=\count193
))
Package: unicode-math 2020/01/31 v0.8q Unicode maths in XeLaTeX and LuaLaTeX

("C:\Users\user\AppData\Local\Programs\MiKTeX 2.9\tex/latex/unicode-math\unicod
e-math-xetex.sty"
Package: unicode-math-xetex 2020/01/31 v0.8q Unicode maths in XeLaTeX and LuaLa
TeX

("C:\Users\user\AppData\Local\Programs\MiKTeX 2.9\tex/latex/l3packages/xparse\x
parse.sty"
Package: xparse 2020-10-05 L3 Experimental document command parser

("C:\Users\user\AppData\Local\Programs\MiKTeX 2.9\tex/latex/l3packages/xparse\x
parse-generic.tex"))
("C:\Users\user\AppData\Local\Programs\MiKTeX 2.9\tex/latex/l3packages/l3keys2e
\l3keys2e.sty"
Package: l3keys2e 2020-10-05 LaTeX2e option processing using LaTeX3 keys
)
("C:\Users\user\AppData\Local\Programs\MiKTeX 2.9\tex/latex/fontspec\fontspec.s
ty"
Package: fontspec 2020/02/21 v2.7i Font selection for XeLaTeX and LuaLaTeX

("C:\Users\user\AppData\Local\Programs\MiKTeX 2.9\tex/latex/fontspec\fontspec-x
etex.sty"
Package: fontspec-xetex 2020/02/21 v2.7i Font selection for XeLaTeX and LuaLaTe
X
\l__fontspec_script_int=\count194
\l__fontspec_language_int=\count195
\l__fontspec_strnum_int=\count196
\l__fontspec_tmp_int=\count197
\l__fontspec_tmpa_int=\count198
\l__fontspec_tmpb_int=\count199
\l__fontspec_tmpc_int=\count266
\l__fontspec_em_int=\count267
\l__fontspec_emdef_int=\count268
\l__fontspec_strong_int=\count269
\l__fontspec_strongdef_int=\count270
\l__fontspec_tmpa_dim=\dimen148
\l__fontspec_tmpb_dim=\dimen149
\l__fontspec_tmpc_dim=\dimen150
("C:\Users\user\AppData\Local\Programs\MiKTeX 2.9\tex/latex/base\fontenc.sty"
Package: fontenc 2020/08/10 v2.0s Standard LaTeX package
)
("C:\Users\user\AppData\Local\Programs\MiKTeX 2.9\tex/latex/fontspec\fontspec.c
fg"))) ("C:\Users\user\AppData\Local\Programs\MiKTeX 2.9\tex/latex/base\fix-cm.
sty"
Package: fix-cm 2015/01/14 v1.1t fixes to LaTeX
("C:\Users\user\AppData\Local\Programs\MiKTeX 2.9\tex/latex/base\ts1enc.def"
File: ts1enc.def 2001/06/05 v3.0e (jk/car/fm) Standard LaTeX file
LaTeX Font Info:    Redeclaring font encoding TS1 on input line 47.
))
\g__um_fam_int=\count271
\g__um_fonts_used_int=\count272
\l__um_primecount_int=\count273
\g__um_primekern_muskip=\muskip17

("C:\Users\user\AppData\Local\Programs\MiKTeX 2.9\tex/latex/unicode-math\unicod
e-math-table.tex"))) ("C:\Users\user\AppData\Local\Programs\MiKTeX 2.9\tex/late
x/upquote\upquote.sty"
Package: upquote 2012/04/19 v1.3 upright-quote and grave-accent glyphs in verba
tim
("C:\Users\user\AppData\Local\Programs\MiKTeX 2.9\tex/latex/base\textcomp.sty"
Package: textcomp 2020/02/02 v2.0n Standard LaTeX package
))
("C:\Users\user\AppData\Local\Programs\MiKTeX 2.9\tex/latex/microtype\microtype
.sty"
Package: microtype 2019/11/18 v2.7d Micro-typographical refinements (RS)
("C:\Users\user\AppData\Local\Programs\MiKTeX 2.9\tex/latex/graphics\keyval.sty
"
Package: keyval 2014/10/28 v1.15 key=value parser (DPC)
\KV@toks@=\toks21
)
\MT@toks=\toks22
\MT@count=\count274
LaTeX Info: Redefining \textls on input line 790.
\MT@outer@kern=\dimen151
LaTeX Info: Redefining \textmicrotypecontext on input line 1354.
\MT@listname@count=\count275

("C:\Users\user\AppData\Local\Programs\MiKTeX 2.9\tex/latex/microtype\microtype
-xetex.def"
File: microtype-xetex.def 2019/11/18 v2.7d Definitions specific to xetex (RS)
LaTeX Info: Redefining \lsstyle on input line 258.
)
Package microtype Info: Loading configuration file microtype.cfg.

("C:\Users\user\AppData\Local\Programs\MiKTeX 2.9\tex/latex/microtype\microtype
.cfg"
File: microtype.cfg 2019/11/18 v2.7d microtype main configuration file (RS)
)) ("C:\Users\user\AppData\Local\Programs\MiKTeX 2.9\tex/latex/parskip\parskip.
sty"
Package: parskip 2020-06-15 v2.0f non-zero parskip adjustments

("C:\Users\user\AppData\Local\Programs\MiKTeX 2.9\tex/latex/kvoptions\kvoptions
.sty"
Package: kvoptions 2019/11/29 v3.13 Key value format for package options (HO)

("C:\Users\user\AppData\Local\Programs\MiKTeX 2.9\tex/generic/ltxcmds\ltxcmds.s
ty"
Package: ltxcmds 2020-05-10 v1.25 LaTeX kernel commands for general use (HO)
)
("C:\Users\user\AppData\Local\Programs\MiKTeX 2.9\tex/generic/kvsetkeys\kvsetke
ys.sty"
Package: kvsetkeys 2019/12/15 v1.18 Key value parser (HO)
))
("C:\Users\user\AppData\Local\Programs\MiKTeX 2.9\tex/latex/etoolbox\etoolbox.s
ty"
Package: etoolbox 2020/10/05 v2.5k e-TeX tools for LaTeX (JAW)
\etb@tempcnta=\count276
)) ("C:\Users\user\AppData\Local\Programs\MiKTeX 2.9\tex/latex/xcolor\xcolor.st
y"
Package: xcolor 2016/05/11 v2.12 LaTeX color extensions (UK)

("C:\Users\user\AppData\Local\Programs\MiKTeX 2.9\tex/latex/graphics-cfg\color.
cfg"
File: color.cfg 2016/01/02 v1.6 sample color configuration
)
Package xcolor Info: Driver file: xetex.def on input line 225.

("C:\Users\user\AppData\Local\Programs\MiKTeX 2.9\tex/latex/graphics-def\xetex.
def"
File: xetex.def 2020/08/26 v5.0i Graphics/color driver for xetex
)
Package xcolor Info: Model `cmy' substituted by `cmy0' on input line 1348.
Package xcolor Info: Model `RGB' extended on input line 1364.
Package xcolor Info: Model `HTML' substituted by `rgb' on input line 1366.
Package xcolor Info: Model `Hsb' substituted by `hsb' on input line 1367.
Package xcolor Info: Model `tHsb' substituted by `hsb' on input line 1368.
Package xcolor Info: Model `HSB' substituted by `hsb' on input line 1369.
Package xcolor Info: Model `Gray' substituted by `gray' on input line 1370.
Package xcolor Info: Model `wave' substituted by `hsb' on input line 1371.
) ("C:\Users\user\AppData\Local\Programs\MiKTeX 2.9\tex/latex/xurl\xurl.sty"
Package: xurl 2020/01/24 v 0.09 modify URL breaks
("C:\Users\user\AppData\Local\Programs\MiKTeX 2.9\tex/latex/url\url.sty"
\Urlmuskip=\muskip18
Package: url 2013/09/16  ver 3.4  Verb mode for urls, etc.
))
("C:\Users\user\AppData\Local\Programs\MiKTeX 2.9\tex/latex/bookmark\bookmark.s
ty"
Package: bookmark 2019/12/03 v1.28 PDF bookmarks (HO)

("C:\Users\user\AppData\Local\Programs\MiKTeX 2.9\tex/latex/hyperref\hyperref.s
ty"
Package: hyperref 2020-05-15 v7.00e Hypertext links for LaTeX

("C:\Users\user\AppData\Local\Programs\MiKTeX 2.9\tex/generic/pdftexcmds\pdftex
cmds.sty"
Package: pdftexcmds 2020-06-27 v0.33 Utility functions of pdfTeX for LuaTeX (HO
)

("C:\Users\user\AppData\Local\Programs\MiKTeX 2.9\tex/generic/infwarerr\infware
rr.sty"
Package: infwarerr 2019/12/03 v1.5 Providing info/warning/error messages (HO)
)
Package pdftexcmds Info: \pdf@primitive is available.
Package pdftexcmds Info: \pdf@ifprimitive is available.
Package pdftexcmds Info: \pdfdraftmode not found.
)
("C:\Users\user\AppData\Local\Programs\MiKTeX 2.9\tex/generic/kvdefinekeys\kvde
finekeys.sty"
Package: kvdefinekeys 2019-12-19 v1.6 Define keys (HO)
)
("C:\Users\user\AppData\Local\Programs\MiKTeX 2.9\tex/generic/pdfescape\pdfesca
pe.sty"
Package: pdfescape 2019/12/09 v1.15 Implements pdfTeX's escape features (HO)
) ("C:\Users\user\AppData\Local\Programs\MiKTeX 2.9\tex/latex/hycolor\hycolor.s
ty"
Package: hycolor 2020-01-27 v1.10 Color options for hyperref/bookmark (HO)
)
("C:\Users\user\AppData\Local\Programs\MiKTeX 2.9\tex/latex/letltxmacro\letltxm
acro.sty"
Package: letltxmacro 2019/12/03 v1.6 Let assignment for LaTeX macros (HO)
) ("C:\Users\user\AppData\Local\Programs\MiKTeX 2.9\tex/latex/auxhook\auxhook.s
ty"
Package: auxhook 2019-12-17 v1.6 Hooks for auxiliary files (HO)
)
\@linkdim=\dimen152
\Hy@linkcounter=\count277
\Hy@pagecounter=\count278
("C:\Users\user\AppData\Local\Programs\MiKTeX 2.9\tex/latex/hyperref\pd1enc.def
"
File: pd1enc.def 2020-05-15 v7.00e Hyperref: PDFDocEncoding definition (HO)
)
("C:\Users\user\AppData\Local\Programs\MiKTeX 2.9\tex/generic/intcalc\intcalc.s
ty"
Package: intcalc 2019/12/15 v1.3 Expandable calculations with integers (HO)
)
("C:\Users\user\AppData\Local\Programs\MiKTeX 2.9\tex/generic/etexcmds\etexcmds
.sty"
Package: etexcmds 2019/12/15 v1.7 Avoid name clashes with e-TeX commands (HO)
)
\Hy@SavedSpaceFactor=\count279
Package hyperref Info: Option `unicode' set `true' on input line 4338.
("C:\Users\user\AppData\Local\Programs\MiKTeX 2.9\tex/latex/hyperref\puenc.def"
File: puenc.def 2020-05-15 v7.00e Hyperref: PDF Unicode definition (HO)
)
Package hyperref Info: Hyper figures OFF on input line 4464.
Package hyperref Info: Link nesting OFF on input line 4469.
Package hyperref Info: Hyper index ON on input line 4472.
Package hyperref Info: Plain pages OFF on input line 4479.
Package hyperref Info: Backreferencing OFF on input line 4484.
Package hyperref Info: Implicit mode ON; LaTeX internals redefined.
Package hyperref Info: Bookmarks ON on input line 4717.
\c@Hy@tempcnt=\count280
LaTeX Info: Redefining \url on input line 5076.
\XeTeXLinkMargin=\dimen153
("C:\Users\user\AppData\Local\Programs\MiKTeX 2.9\tex/generic/bitset\bitset.sty
"
Package: bitset 2019/12/09 v1.3 Handle bit-vector datatype (HO)

("C:\Users\user\AppData\Local\Programs\MiKTeX 2.9\tex/generic/bigintcalc\bigint
calc.sty"
Package: bigintcalc 2019/12/15 v1.5 Expandable calculations on big integers (HO
)
))
\Fld@menulength=\count281
\Field@Width=\dimen154
\Fld@charsize=\dimen155
Package hyperref Info: Hyper figures OFF on input line 6347.
Package hyperref Info: Link nesting OFF on input line 6352.
Package hyperref Info: Hyper index ON on input line 6355.
Package hyperref Info: backreferencing OFF on input line 6362.
Package hyperref Info: Link coloring OFF on input line 6367.
Package hyperref Info: Link coloring with OCG OFF on input line 6372.
Package hyperref Info: PDF/A mode OFF on input line 6377.
LaTeX Info: Redefining \ref on input line 6417.
LaTeX Info: Redefining \pageref on input line 6421.

("C:\Users\user\AppData\Local\Programs\MiKTeX 2.9\tex/latex/base\atbegshi-ltx.s
ty"
Package: atbegshi-ltx 2020/08/17 v1.0a Emulation of the original atbegshi packa
ge
with kernel methods
)
\Hy@abspage=\count282
\c@Item=\count283
\c@Hfootnote=\count284
)
Package hyperref Info: Driver (autodetected): hxetex.
("C:\Users\user\AppData\Local\Programs\MiKTeX 2.9\tex/latex/hyperref\hxetex.def
"
File: hxetex.def 2020-05-15 v7.00e Hyperref driver for XeTeX

("C:\Users\user\AppData\Local\Programs\MiKTeX 2.9\tex/generic/stringenc\stringe
nc.sty"
Package: stringenc 2019/11/29 v1.12 Convert strings between diff. encodings (HO
)
)
\pdfm@box=\box50
\c@Hy@AnnotLevel=\count285
\HyField@AnnotCount=\count286
\Fld@listcount=\count287
\c@bookmark@seq@number=\count288

("C:\Users\user\AppData\Local\Programs\MiKTeX 2.9\tex/latex/rerunfilecheck\reru
nfilecheck.sty"
Package: rerunfilecheck 2019/12/05 v1.9 Rerun checks for auxiliary files (HO)

("C:\Users\user\AppData\Local\Programs\MiKTeX 2.9\tex/latex/base\atveryend-ltx.
sty"
Package: atveryend-ltx 2020/08/19 v1.0a Emulation of the original atvery packag
e
with kernel methods
)
("C:\Users\user\AppData\Local\Programs\MiKTeX 2.9\tex/generic/uniquecounter\uni
quecounter.sty"
Package: uniquecounter 2019/12/15 v1.4 Provide unlimited unique counter (HO)
)
Package uniquecounter Info: New unique counter `rerunfilecheck' on input line 2
86.
)
\Hy@SectionHShift=\skip52
)
("C:\Users\user\AppData\Local\Programs\MiKTeX 2.9\tex/latex/bookmark\bkm-dvipdf
m.def"
File: bkm-dvipdfm.def 2019/12/03 v1.28 bookmark driver for dvipdfm (HO)
\BKM@id=\count289
))
("C:\Users\user\AppData\Local\Programs\MiKTeX 2.9\tex/latex/geometry\geometry.s
ty"
Package: geometry 2020/01/02 v5.9 Page Geometry
("C:\Users\user\AppData\Local\Programs\MiKTeX 2.9\tex/generic/iftex\ifvtex.sty"
Package: ifvtex 2019/10/25 v1.7 ifvtex legacy package. Use iftex instead.
)
\Gm@cnth=\count290
\Gm@cntv=\count291
\c@Gm@tempcnt=\count292
\Gm@bindingoffset=\dimen156
\Gm@wd@mp=\dimen157
\Gm@odd@mp=\dimen158
\Gm@even@mp=\dimen159
\Gm@layoutwidth=\dimen160
\Gm@layoutheight=\dimen161
\Gm@layouthoffset=\dimen162
\Gm@layoutvoffset=\dimen163
\Gm@dimlist=\toks23

("C:\Users\user\AppData\Local\Programs\MiKTeX 2.9\tex/xelatex/xetexconfig\geome
try.cfg"))
("C:\Users\user\AppData\Local\Programs\MiKTeX 2.9\tex/latex/fancyvrb\fancyvrb.s
ty"
Package: fancyvrb 2020/05/03 v3.6 verbatim text (tvz,hv)
\FV@CodeLineNo=\count293
\FV@InFile=\read2
\FV@TabBox=\box51
\c@FancyVerbLine=\count294
\FV@StepNumber=\count295
\FV@OutFile=\write3
) ("C:\Users\user\AppData\Local\Programs\MiKTeX 2.9\tex/latex/framed\framed.sty
"
Package: framed 2011/10/22 v 0.96: framed or shaded text with page breaks
\OuterFrameSep=\skip53
\fb@frw=\dimen164
\fb@frh=\dimen165
\FrameRule=\dimen166
\FrameSep=\dimen167
) ("C:\Users\user\AppData\Local\Programs\MiKTeX 2.9\tex/latex/tools\longtable.s
ty"
Package: longtable 2020/01/07 v4.13 Multi-page Table package (DPC)
\LTleft=\skip54
\LTright=\skip55
\LTpre=\skip56
\LTpost=\skip57
\LTchunksize=\count296
\LTcapwidth=\dimen168
\LT@head=\box52
\LT@firsthead=\box53
\LT@foot=\box54
\LT@lastfoot=\box55
\LT@cols=\count297
\LT@rows=\count298
\c@LT@tables=\count299
\c@LT@chunks=\count300
\LT@p@ftn=\toks24
)
("C:\Users\user\AppData\Local\Programs\MiKTeX 2.9\tex/latex/booktabs\booktabs.s
ty"
Package: booktabs 2020/01/12 v1.61803398 Publication quality tables
\heavyrulewidth=\dimen169
\lightrulewidth=\dimen170
\cmidrulewidth=\dimen171
\belowrulesep=\dimen172
\belowbottomsep=\dimen173
\aboverulesep=\dimen174
\abovetopsep=\dimen175
\cmidrulesep=\dimen176
\cmidrulekern=\dimen177
\defaultaddspace=\dimen178
\@cmidla=\count301
\@cmidlb=\count302
\@aboverulesep=\dimen179
\@belowrulesep=\dimen180
\@thisruleclass=\count303
\@lastruleclass=\count304
\@thisrulewidth=\dimen181
)
("C:\Users\user\AppData\Local\Programs\MiKTeX 2.9\tex/latex/footnotehyper\footn
otehyper.sty"
Package: footnotehyper 2019/11/07 v1.1a hyperref aware footnote.sty (JFB)
\FNH@notes=\box56
\FNH@width=\dimen182
)
("C:\Users\user\AppData\Local\Programs\MiKTeX 2.9\tex/latex/graphics\graphicx.s
ty"
Package: graphicx 2020/09/09 v1.2b Enhanced LaTeX Graphics (DPC,SPQR)

("C:\Users\user\AppData\Local\Programs\MiKTeX 2.9\tex/latex/graphics\graphics.s
ty"
Package: graphics 2020/08/30 v1.4c Standard LaTeX Graphics (DPC,SPQR)
("C:\Users\user\AppData\Local\Programs\MiKTeX 2.9\tex/latex/graphics\trig.sty"
Package: trig 2016/01/03 v1.10 sin cos tan (DPC)
)
("C:\Users\user\AppData\Local\Programs\MiKTeX 2.9\tex/latex/graphics-cfg\graphi
cs.cfg"
File: graphics.cfg 2016/06/04 v1.11 sample graphics configuration
)
Package graphics Info: Driver file: xetex.def on input line 105.
)
\Gin@req@height=\dimen183
\Gin@req@width=\dimen184
) ("C:\Users\user\AppData\Local\Programs\MiKTeX 2.9\tex/latex/grffile\grffile.s
ty"
Package: grffile 2019/11/11 v2.1 Extended file name support for graphics (legac
y)
Package grffile Info: This package is an empty stub for compatibility on input 
line 40.
)
("C:\Users\user\AppData\Local\Programs\MiKTeX 2.9\tex/latex/fancyhdr\fancyhdr.s
ty"
Package: fancyhdr 2019/01/31 v3.10 Extensive control of page headers and footer
s
\f@nch@headwidth=\skip58
\f@nch@O@elh=\skip59
\f@nch@O@erh=\skip60
\f@nch@O@olh=\skip61
\f@nch@O@orh=\skip62
\f@nch@O@elf=\skip63
\f@nch@O@erf=\skip64
\f@nch@O@olf=\skip65
\f@nch@O@orf=\skip66
) ("C:\Users\user\AppData\Local\Programs\MiKTeX 2.9\tex/generic/babel\babel.sty
"
Package: babel 2020/10/06 3.50 The Babel package
("C:\Users\user\AppData\Local\Programs\MiKTeX 2.9\tex/generic/babel\babel.def"
File: babel.def 2020/10/06 3.50 Babel common definitions
\babel@savecnt=\count305
\U@D=\dimen185
\l@babelnohyphens=\language79
("C:\Users\user\AppData\Local\Programs\MiKTeX 2.9\tex/generic/babel\xebabel.def
"
("C:\Users\user\AppData\Local\Programs\MiKTeX 2.9\tex/generic/babel\txtbabel.de
f"))
\bbl@readstream=\read3
)
\bbl@dirlevel=\count306
*************************************
* Local config file bblopts.cfg used
*
("C:\Users\user\AppData\Local\Programs\MiKTeX 2.9\tex/latex/arabi\bblopts.cfg"
File: bblopts.cfg 2005/09/08 v0.1 add Arabic and Farsi to "declared" options of
 babel
)
("C:\Users\user\AppData\Local\Programs\MiKTeX 2.9\tex/latex/babel-hungarian\mag
yar.ldf"
Invalid UTF-8 byte or sequence at line 62 replaced by U+FFFD.
Invalid UTF-8 byte or sequence at line 62 replaced by U+FFFD.
Language: hungarian 2019/01/14 v1.5c Magyar (Hungarian) support for babel
Invalid UTF-8 byte or sequence at line 163 replaced by U+FFFD.
Invalid UTF-8 byte or sequence at line 1329 replaced by U+FFFD.
Invalid UTF-8 byte or sequence at line 1329 replaced by U+FFFD.
Invalid UTF-8 byte or sequence at line 1329 replaced by U+FFFD.
Invalid UTF-8 byte or sequence at line 1434 replaced by U+FFFD.
Invalid UTF-8 byte or sequence at line 1434 replaced by U+FFFD.
Invalid UTF-8 byte or sequence at line 1434 replaced by U+FFFD.
Invalid UTF-8 byte or sequence at line 1498 replaced by U+FFFD.
Invalid UTF-8 byte or sequence at line 1653 replaced by U+FFFD.
Invalid UTF-8 byte or sequence at line 1653 replaced by U+FFFD.
Invalid UTF-8 byte or sequence at line 1653 replaced by U+FFFD.
Invalid UTF-8 byte or sequence at line 1653 replaced by U+FFFD.
Invalid UTF-8 byte or sequence at line 1670 replaced by U+FFFD.
Invalid UTF-8 byte or sequence at line 1670 replaced by U+FFFD.
Invalid UTF-8 byte or sequence at line 1742 replaced by U+FFFD.
Invalid UTF-8 byte or sequence at line 1859 replaced by U+FFFD.
Invalid UTF-8 byte or sequence at line 1900 replaced by U+FFFD.
Invalid UTF-8 byte or sequence at line 1900 replaced by U+FFFD.
Invalid UTF-8 byte or sequence at line 1903 replaced by U+FFFD.
Invalid UTF-8 byte or sequence at line 1903 replaced by U+FFFD.
Invalid UTF-8 byte or sequence at line 1903 replaced by U+FFFD.
Invalid UTF-8 byte or sequence at line 1903 replaced by U+FFFD.
Package babel Info: Making ` an active character on input line 2819.
Invalid UTF-8 byte or sequence at line 2835 replaced by U+FFFD.
Invalid UTF-8 byte or sequence at line 2835 replaced by U+FFFD.
Invalid UTF-8 byte or sequence at line 2841 replaced by U+FFFD.
Invalid UTF-8 byte or sequence at line 2841 replaced by U+FFFD.
Invalid UTF-8 byte or sequence at line 2842 replaced by U+FFFD.
Invalid UTF-8 byte or sequence at line 2842 replaced by U+FFFD.
Invalid UTF-8 byte or sequence at line 2842 replaced by U+FFFD.
Invalid UTF-8 byte or sequence at line 2846 replaced by U+FFFD.
Invalid UTF-8 byte or sequence at line 2846 replaced by U+FFFD.
Invalid UTF-8 byte or sequence at line 2852 replaced by U+FFFD.
Invalid UTF-8 byte or sequence at line 2852 replaced by U+FFFD.
Invalid UTF-8 byte or sequence at line 2853 replaced by U+FFFD.
Invalid UTF-8 byte or sequence at line 2932 replaced by U+FFFD.
Invalid UTF-8 byte or sequence at line 2941 replaced by U+FFFD.
Invalid UTF-8 byte or sequence at line 2961 replaced by U+FFFD.
Invalid UTF-8 byte or sequence at line 2965 replaced by U+FFFD.
Invalid UTF-8 byte or sequence at line 2965 replaced by U+FFFD.
Invalid UTF-8 byte or sequence at line 2992 replaced by U+FFFD.
Invalid UTF-8 byte or sequence at line 2992 replaced by U+FFFD.
Invalid UTF-8 byte or sequence at line 3010 replaced by U+FFFD.
Invalid UTF-8 byte or sequence at line 3027 replaced by U+FFFD.
Invalid UTF-8 byte or sequence at line 3031 replaced by U+FFFD.
Invalid UTF-8 byte or sequence at line 3031 replaced by U+FFFD.
Invalid UTF-8 byte or sequence at line 3058 replaced by U+FFFD.
Invalid UTF-8 byte or sequence at line 3058 replaced by U+FFFD.
Invalid UTF-8 byte or sequence at line 3149 replaced by U+FFFD.
Invalid UTF-8 byte or sequence at line 3545 replaced by U+FFFD.
Invalid UTF-8 byte or sequence at line 3547 replaced by U+FFFD.
Invalid UTF-8 byte or sequence at line 3548 replaced by U+FFFD.
Invalid UTF-8 byte or sequence at line 3549 replaced by U+FFFD.
Invalid UTF-8 byte or sequence at line 3549 replaced by U+FFFD.
Invalid UTF-8 byte or sequence at line 3551 replaced by U+FFFD.
Invalid UTF-8 byte or sequence at line 3552 replaced by U+FFFD.
Invalid UTF-8 byte or sequence at line 3557 replaced by U+FFFD.
Invalid UTF-8 byte or sequence at line 3558 replaced by U+FFFD.
Invalid UTF-8 byte or sequence at line 3559 replaced by U+FFFD.
Invalid UTF-8 byte or sequence at line 3560 replaced by U+FFFD.
Invalid UTF-8 byte or sequence at line 3561 replaced by U+FFFD.
Invalid UTF-8 byte or sequence at line 3561 replaced by U+FFFD.
Invalid UTF-8 byte or sequence at line 3774 replaced by U+FFFD.
Invalid UTF-8 byte or sequence at line 3774 replaced by U+FFFD.
Invalid UTF-8 byte or sequence at line 3784 replaced by U+FFFD.
Invalid UTF-8 byte or sequence at line 3784 replaced by U+FFFD.
Invalid UTF-8 byte or sequence at line 3790 replaced by U+FFFD.
Invalid UTF-8 byte or sequence at line 4129 replaced by U+FFFD.
Invalid UTF-8 byte or sequence at line 4136 replaced by U+FFFD.
Invalid UTF-8 byte or sequence at line 4136 replaced by U+FFFD.
Invalid UTF-8 byte or sequence at line 4136 replaced by U+FFFD.
Invalid UTF-8 byte or sequence at line 4136 replaced by U+FFFD.
Invalid UTF-8 byte or sequence at line 4136 replaced by U+FFFD.
Invalid UTF-8 byte or sequence at line 4136 replaced by U+FFFD.
Invalid UTF-8 byte or sequence at line 4137 replaced by U+FFFD.
Invalid UTF-8 byte or sequence at line 4138 replaced by U+FFFD.
Invalid UTF-8 byte or sequence at line 4141 replaced by U+FFFD.
Invalid UTF-8 byte or sequence at line 4141 replaced by U+FFFD.
Invalid UTF-8 byte or sequence at line 4142 replaced by U+FFFD.
Invalid UTF-8 byte or sequence at line 4143 replaced by U+FFFD.
Invalid UTF-8 byte or sequence at line 4143 replaced by U+FFFD.
Invalid UTF-8 byte or sequence at line 4143 replaced by U+FFFD.
Invalid UTF-8 byte or sequence at line 4143 replaced by U+FFFD.
Invalid UTF-8 byte or sequence at line 4143 replaced by U+FFFD.
Invalid UTF-8 byte or sequence at line 4143 replaced by U+FFFD.
Invalid UTF-8 byte or sequence at line 4143 replaced by U+FFFD.
Invalid UTF-8 byte or sequence at line 4143 replaced by U+FFFD.
Invalid UTF-8 byte or sequence at line 4143 replaced by U+FFFD.
\c@footnote@add=\count307
\c@footnote@ch=\count308
Invalid UTF-8 byte or sequence at line 4362 replaced by U+FFFD.
Invalid UTF-8 byte or sequence at line 4362 replaced by U+FFFD.
Invalid UTF-8 byte or sequence at line 4362 replaced by U+FFFD.
Invalid UTF-8 byte or sequence at line 4362 replaced by U+FFFD.
Invalid UTF-8 byte or sequence at line 4362 replaced by U+FFFD.
Invalid UTF-8 byte or sequence at line 5542 replaced by U+FFFD.
Invalid UTF-8 byte or sequence at line 5722 replaced by U+FFFD.
Invalid UTF-8 byte or sequence at line 5722 replaced by U+FFFD.
Invalid UTF-8 byte or sequence at line 5722 replaced by U+FFFD.
Invalid UTF-8 byte or sequence at line 5722 replaced by U+FFFD.
Invalid UTF-8 byte or sequence at line 5722 replaced by U+FFFD.
Invalid UTF-8 byte or sequence at line 5742 replaced by U+FFFD.
Invalid UTF-8 byte or sequence at line 5742 replaced by U+FFFD.
Invalid UTF-8 byte or sequence at line 5744 replaced by U+FFFD.
Invalid UTF-8 byte or sequence at line 5744 replaced by U+FFFD.
Invalid UTF-8 byte or sequence at line 5744 replaced by U+FFFD.
Invalid UTF-8 byte or sequence at line 5744 replaced by U+FFFD.
Invalid UTF-8 byte or sequence at line 5744 replaced by U+FFFD.
Invalid UTF-8 byte or sequence at line 5751 replaced by U+FFFD.
Invalid UTF-8 byte or sequence at line 5751 replaced by U+FFFD.
Invalid UTF-8 byte or sequence at line 5754 replaced by U+FFFD.
Invalid UTF-8 byte or sequence at line 5793 replaced by U+FFFD.
Invalid UTF-8 byte or sequence at line 5793 replaced by U+FFFD.
Invalid UTF-8 byte or sequence at line 5793 replaced by U+FFFD.
Invalid UTF-8 byte or sequence at line 5813 replaced by U+FFFD.
Invalid UTF-8 byte or sequence at line 5813 replaced by U+FFFD.
Invalid UTF-8 byte or sequence at line 5813 replaced by U+FFFD.
Invalid UTF-8 byte or sequence at line 5813 replaced by U+FFFD.
Invalid UTF-8 byte or sequence at line 5813 replaced by U+FFFD.
Invalid UTF-8 byte or sequence at line 5813 replaced by U+FFFD.
Invalid UTF-8 byte or sequence at line 5814 replaced by U+FFFD.
Invalid UTF-8 byte or sequence at line 5814 replaced by U+FFFD.
Invalid UTF-8 byte or sequence at line 5814 replaced by U+FFFD.
Invalid UTF-8 byte or sequence at line 5814 replaced by U+FFFD.
Invalid UTF-8 byte or sequence at line 5814 replaced by U+FFFD.
Invalid UTF-8 byte or sequence at line 5814 replaced by U+FFFD.
Invalid UTF-8 byte or sequence at line 5832 replaced by U+FFFD.
Invalid UTF-8 byte or sequence at line 5832 replaced by U+FFFD.
Invalid UTF-8 byte or sequence at line 5834 replaced by U+FFFD.
Invalid UTF-8 byte or sequence at line 5834 replaced by U+FFFD.
Invalid UTF-8 byte or sequence at line 5834 replaced by U+FFFD.
Invalid UTF-8 byte or sequence at line 5834 replaced by U+FFFD.
Invalid UTF-8 byte or sequence at line 5834 replaced by U+FFFD.
Invalid UTF-8 byte or sequence at line 5835 replaced by U+FFFD.
Invalid UTF-8 byte or sequence at line 5835 replaced by U+FFFD.
Invalid UTF-8 byte or sequence at line 5835 replaced by U+FFFD.
Invalid UTF-8 byte or sequence at line 5835 replaced by U+FFFD.
Invalid UTF-8 byte or sequence at line 5835 replaced by U+FFFD.
Invalid UTF-8 byte or sequence at line 5835 replaced by U+FFFD.
Invalid UTF-8 byte or sequence at line 5835 replaced by U+FFFD.
Invalid UTF-8 byte or sequence at line 5862 replaced by U+FFFD.
Invalid UTF-8 byte or sequence at line 5862 replaced by U+FFFD.
Invalid UTF-8 byte or sequence at line 5862 replaced by U+FFFD.
Invalid UTF-8 byte or sequence at line 5862 replaced by U+FFFD.
Invalid UTF-8 byte or sequence at line 5862 replaced by U+FFFD.
Invalid UTF-8 byte or sequence at line 5862 replaced by U+FFFD.
Invalid UTF-8 byte or sequence at line 5864 replaced by U+FFFD.
Invalid UTF-8 byte or sequence at line 5866 replaced by U+FFFD.
Invalid UTF-8 byte or sequence at line 5866 replaced by U+FFFD.
Invalid UTF-8 byte or sequence at line 5870 replaced by U+FFFD.
Invalid UTF-8 byte or sequence at line 5870 replaced by U+FFFD.
Invalid UTF-8 byte or sequence at line 5872 replaced by U+FFFD.
Invalid UTF-8 byte or sequence at line 5872 replaced by U+FFFD.
Invalid UTF-8 byte or sequence at line 5884 replaced by U+FFFD.
Invalid UTF-8 byte or sequence at line 5889 replaced by U+FFFD.
Invalid UTF-8 byte or sequence at line 5894 replaced by U+FFFD.
)) ("C:\Users\user\AppData\Local\Programs\MiKTeX 2.9\tex/latex/natbib\natbib.st
y"
Package: natbib 2010/09/13 8.31b (PWD, AO)
\bibhang=\skip67
\bibsep=\skip68
LaTeX Info: Redefining \cite on input line 694.
\c@NAT@ctr=\count309
)

Package Fancyhdr Warning: \fancyhead's `E' option without twoside option is use
less on input line 116.


Package Fancyhdr Warning: \fancyhead's `E' option without twoside option is use
less on input line 117.


Package fontspec Info: Calibri scale = 0.928164668228614.


Package fontspec Info: Calibri scale = 0.928164668228614.


Package fontspec Info: Calibri scale = 0.928164668228614.


Package fontspec Info: Calibri/B scale = 0.9194631527892163.


Package fontspec Info: Calibri/B scale = 0.9194631527892163.


Package fontspec Info: Calibri/I scale = 0.9223454730098192.


Package fontspec Info: Calibri/I scale = 0.9223454730098192.


Package fontspec Info: Calibri/BI scale = 0.9194631527892163.


Package fontspec Info: Calibri/BI scale = 0.9194631527892163.


Package fontspec Info: Font family 'Calibri(0)' created for font 'Calibri'
(fontspec)             with options
(fontspec)             [Scale=MatchLowercase,Ligatures=TeX,Scale=1].
(fontspec)              
(fontspec)              This font family consists of the following NFSS
(fontspec)             series/shapes:
(fontspec)              
(fontspec)             - 'normal' (m/n) with NFSS spec.:
(fontspec)             <->s*[1]"Calibri/OT:script=latn;language=dflt;mapping=te
x-text;"
(fontspec)             - 'small caps'  (m/sc) with NFSS spec.:
(fontspec)             <->s*[1]"Calibri/OT:script=latn;language=dflt;+smcp;mapp
ing=tex-text;"
(fontspec)             - 'bold' (b/n) with NFSS spec.:
(fontspec)             <->s*[1]"Calibri/B/OT:script=latn;language=dflt;mapping=
tex-text;"
(fontspec)             - 'bold small caps'  (b/sc) with NFSS spec.:
(fontspec)             <->s*[1]"Calibri/B/OT:script=latn;language=dflt;+smcp;ma
pping=tex-text;"
(fontspec)             - 'italic' (m/it) with NFSS spec.:
(fontspec)             <->s*[1]"Calibri/I/OT:script=latn;language=dflt;mapping=
tex-text;"
(fontspec)             - 'italic small caps'  (m/scit) with NFSS spec.:
(fontspec)             <->s*[1]"Calibri/I/OT:script=latn;language=dflt;+smcp;ma
pping=tex-text;"
(fontspec)             - 'bold italic' (b/it) with NFSS spec.:
(fontspec)             <->s*[1]"Calibri/BI/OT:script=latn;language=dflt;mapping
=tex-text;"
(fontspec)             - 'bold italic small caps'  (b/scit) with NFSS spec.:
(fontspec)             <->s*[1]"Calibri/BI/OT:script=latn;language=dflt;+smcp;m
apping=tex-text;"

LaTeX Font Info:    Font shape `TU/Calibri(0)/m/n' will be
(Font)              scaled to size 10.0pt on input line 121.

Package fontspec Info: Calibri scale = 0.9999967139960766.


Package fontspec Info: Calibri scale = 0.9999967139960766.


Package fontspec Info: Calibri scale = 0.9999967139960766.


Package fontspec Info: Calibri/B scale = 0.9906217753197419.


Package fontspec Info: Calibri/B scale = 0.9906217753197419.


Package fontspec Info: Calibri/I scale = 0.9937271625941661.


Package fontspec Info: Calibri/I scale = 0.9937271625941661.


Package fontspec Info: Calibri/BI scale = 0.9906217753197419.


Package fontspec Info: Calibri/BI scale = 0.9906217753197419.


Package fontspec Info: Font family 'Calibri(1)' created for font 'Calibri'
(fontspec)             with options [Scale=MatchLowercase].
(fontspec)              
(fontspec)              This font family consists of the following NFSS
(fontspec)             series/shapes:
(fontspec)              
(fontspec)             - 'normal' (m/n) with NFSS spec.:
(fontspec)             <->s*[0.9999967139960766]"Calibri/OT:script=latn;languag
e=dflt;"
(fontspec)             - 'small caps'  (m/sc) with NFSS spec.:
(fontspec)             <->s*[0.9999967139960766]"Calibri/OT:script=latn;languag
e=dflt;+smcp;"
(fontspec)             - 'bold' (b/n) with NFSS spec.:
(fontspec)             <->s*[0.9906217753197419]"Calibri/B/OT:script=latn;langu
age=dflt;"
(fontspec)             - 'bold small caps'  (b/sc) with NFSS spec.:
(fontspec)             <->s*[0.9906217753197419]"Calibri/B/OT:script=latn;langu
age=dflt;+smcp;"
(fontspec)             - 'italic' (m/it) with NFSS spec.:
(fontspec)             <->s*[0.9937271625941661]"Calibri/I/OT:script=latn;langu
age=dflt;"
(fontspec)             - 'italic small caps'  (m/scit) with NFSS spec.:
(fontspec)             <->s*[0.9937271625941661]"Calibri/I/OT:script=latn;langu
age=dflt;+smcp;"
(fontspec)             - 'bold italic' (b/it) with NFSS spec.:
(fontspec)             <->s*[0.9906217753197419]"Calibri/BI/OT:script=latn;lang
uage=dflt;"
(fontspec)             - 'bold italic small caps'  (b/scit) with NFSS spec.:
(fontspec)             <->s*[0.9906217753197419]"Calibri/BI/OT:script=latn;lang
uage=dflt;+smcp;"

LaTeX Font Info:    Overwriting math alphabet `\mathrm' in version `normal'
(Font)                  OT1/lmr/m/n --> TU/Calibri(1)/m/n on input line 121.
LaTeX Font Info:    Overwriting math alphabet `\mathit' in version `normal'
(Font)                  OT1/lmr/m/it --> TU/Calibri(1)/m/it on input line 121.
LaTeX Font Info:    Overwriting math alphabet `\mathbf' in version `normal'
(Font)                  OT1/lmr/bx/n --> TU/Calibri(1)/b/n on input line 121.
("C:\Users\user\AppData\Local\Programs\MiKTeX 2.9\tex/latex/graphics\lscape.sty
"
Package: lscape 2020/05/28 v3.02 Landscape Pages (DPC)
)
("C:\Users\user\AppData\Local\Programs\MiKTeX 2.9\tex/latex/pdfpages\pdfpages.s
ty"
Package: pdfpages 2020/01/28 v0.5q Insert pages of external PDF documents (AM)
("C:\Users\user\AppData\Local\Programs\MiKTeX 2.9\tex/latex/base\ifthen.sty"
Package: ifthen 2014/09/29 v1.1c Standard LaTeX ifthen package (DPC)
) ("C:\Users\user\AppData\Local\Programs\MiKTeX 2.9\tex/latex/tools\calc.sty"
Package: calc 2017/05/25 v4.3 Infix arithmetic (KKT,FJ)
\calc@Acount=\count310
\calc@Bcount=\count311
\calc@Adimen=\dimen186
\calc@Bdimen=\dimen187
\calc@Askip=\skip69
\calc@Bskip=\skip70
LaTeX Info: Redefining \setlength on input line 80.
LaTeX Info: Redefining \addtolength on input line 81.
\calc@Ccount=\count312
\calc@Cskip=\skip71
) ("C:\Users\user\AppData\Local\Programs\MiKTeX 2.9\tex/latex/eso-pic\eso-pic.s
ty"
Package: eso-pic 2020/09/27 v2.0i eso-pic (RN)
\ESO@tempdima=\dimen188
\ESO@tempdimb=\dimen189
)
\AM@pagewidth=\dimen190
\AM@pageheight=\dimen191

("C:\Users\user\AppData\Local\Programs\MiKTeX 2.9\tex/latex/pdfpages\ppxetex.de
f"
File: ppxetex.def 2020/01/28 v0.5q Pdfpages driver for XeTeX (AM)
)
\AM@pagebox=\box57
\AM@global@opts=\toks25
\AM@pagecnt=\count313
\AM@toc@title=\toks26
\c@AM@survey=\count314
\AM@templatesizebox=\box58
) ("C:\Users\user\AppData\Local\Programs\MiKTeX 2.9\tex/latex/tools\array.sty"
Package: array 2019/08/31 v2.4l Tabular extension package (FMi)
\col@sep=\dimen192
\ar@mcellbox=\box59
\extrarowheight=\dimen193
\NC@list=\toks27
\extratabsurround=\skip72
\backup@length=\skip73
\ar@cellbox=\box60
)
("C:\Users\user\AppData\Local\Programs\MiKTeX 2.9\tex/latex/multirow\multirow.s
ty"
Package: multirow 2019/05/31 v2.5 Span multiple rows of a table
\multirow@colwidth=\skip74
\multirow@cntb=\count315
\multirow@dima=\skip75
\bigstrutjot=\dimen194
) ("C:\Users\user\AppData\Local\Programs\MiKTeX 2.9\tex/latex/wrapfig\wrapfig.s
ty"
\wrapoverhang=\dimen195
\WF@size=\dimen196
\c@WF@wrappedlines=\count316
\WF@box=\box61
\WF@everypar=\toks28
Package: wrapfig 2003/01/31  v 3.6
) ("C:\Users\user\AppData\Local\Programs\MiKTeX 2.9\tex/latex/float\float.sty"
Package: float 2001/11/08 v1.3d Float enhancements (AL)
\c@float@type=\count317
\float@exts=\toks29
\float@box=\box62
\@float@everytoks=\toks30
\@floatcapt=\box63
)
("C:\Users\user\AppData\Local\Programs\MiKTeX 2.9\tex/latex/colortbl\colortbl.s
ty"
Package: colortbl 2020/01/04 v1.0e Color table columns (DPC)
\everycr=\toks31
\minrowclearance=\skip76
)
("C:\Users\user\AppData\Local\Programs\MiKTeX 2.9\tex/latex/pdflscape\pdflscape
.sty"
Package: pdflscape 2019/12/05 v0.12 Display of landscape pages in PDF (HO)
Package pdflscape Info: Auto-detected driver: dvipdfm (xetex) on input line 98.

) ("C:\Users\user\AppData\Local\Programs\MiKTeX 2.9\tex/latex/tabu\tabu.sty"
Package: tabu 2019/01/11 v2.9 - flexible LaTeX tabulars (FC+tabu-fixed)

("C:\Users\user\AppData\Local\Programs\MiKTeX 2.9\tex/latex/varwidth\varwidth.s
ty"
Package: varwidth 2009/03/30 ver 0.92;  Variable-width minipages
\@vwid@box=\box64
\sift@deathcycles=\count318
\@vwid@loff=\dimen197
\@vwid@roff=\dimen198
)
\c@taburow=\count319
\tabu@nbcols=\count320
\tabu@cnt=\count321
\tabu@Xcol=\count322
\tabu@alloc=\count323
\tabu@nested=\count324
\tabu@target=\dimen199
\tabu@spreadtarget=\dimen256
\tabu@naturalX=\dimen257
\tabucolX=\dimen258
\tabu@Xsum=\dimen259
\extrarowdepth=\dimen260
\abovetabulinesep=\dimen261
\belowtabulinesep=\dimen262
\tabustrutrule=\dimen263
\tabu@thebody=\toks32
\tabu@footnotes=\toks33
\tabu@box=\box65
\tabu@arstrutbox=\box66
\tabu@hleads=\box67
\tabu@vleads=\box68
\tabu@cellskip=\skip77
)
("C:\Users\user\AppData\Local\Programs\MiKTeX 2.9\tex/latex/threeparttable\thre
eparttable.sty"
Package: threeparttable 2003/06/13  v 3.0
\@tempboxb=\box69
)
("C:\Users\user\AppData\Local\Programs\MiKTeX 2.9\tex/latex/threeparttablex\thr
eeparttablex.sty"
Package: threeparttablex 2013/07/23 v0.3 by daleif
("C:\Users\user\AppData\Local\Programs\MiKTeX 2.9\tex/latex/environ\environ.sty
"
Package: environ 2014/05/04 v0.3 A new way to define environments

("C:\Users\user\AppData\Local\Programs\MiKTeX 2.9\tex/latex/trimspaces\trimspac
es.sty"
Package: trimspaces 2009/09/17 v1.1 Trim spaces around a token list
))
\TPTL@width=\skip78
) ("C:\Users\user\AppData\Local\Programs\MiKTeX 2.9\tex/latex/ulem\ulem.sty"
\UL@box=\box70
\UL@hyphenbox=\box71
\UL@skip=\skip79
\UL@hook=\toks34
\UL@height=\dimen264
\UL@pe=\count325
\UL@pixel=\dimen265
\ULC@box=\box72
Package: ulem 2019/11/18
\ULdepth=\dimen266
)
("C:\Users\user\AppData\Local\Programs\MiKTeX 2.9\tex/latex/makecell\makecell.s
ty"
Package: makecell 2009/08/03 V0.1e Managing of Tab Column Heads and Cells
\rotheadsize=\dimen267
\c@nlinenum=\count326
\TeXr@lab=\toks35
) (ujdemografiaiprogram.aux)
\openout1 = `ujdemografiaiprogram.aux'.

LaTeX Font Info:    Checking defaults for OML/cmm/m/it on input line 149.
LaTeX Font Info:    ... okay on input line 149.
LaTeX Font Info:    Checking defaults for OMS/cmsy/m/n on input line 149.
LaTeX Font Info:    ... okay on input line 149.
LaTeX Font Info:    Checking defaults for OT1/cmr/m/n on input line 149.
LaTeX Font Info:    ... okay on input line 149.
LaTeX Font Info:    Checking defaults for T1/cmr/m/n on input line 149.
LaTeX Font Info:    ... okay on input line 149.
LaTeX Font Info:    Checking defaults for TS1/cmr/m/n on input line 149.
LaTeX Font Info:    ... okay on input line 149.
LaTeX Font Info:    Checking defaults for TU/lmr/m/n on input line 149.
LaTeX Font Info:    ... okay on input line 149.
LaTeX Font Info:    Checking defaults for OMX/cmex/m/n on input line 149.
LaTeX Font Info:    ... okay on input line 149.
LaTeX Font Info:    Checking defaults for U/cmr/m/n on input line 149.
LaTeX Font Info:    ... okay on input line 149.
LaTeX Font Info:    Checking defaults for PD1/pdf/m/n on input line 149.
LaTeX Font Info:    ... okay on input line 149.
LaTeX Font Info:    Checking defaults for PU/pdf/m/n on input line 149.
LaTeX Font Info:    ... okay on input line 149.
LaTeX Font Info:    Overwriting math alphabet `\mathsf' in version `normal'
(Font)                  OT1/lmss/m/n --> TU/lmss/m/n on input line 149.
LaTeX Font Info:    Overwriting math alphabet `\mathsf' in version `bold'
(Font)                  OT1/lmss/bx/n --> TU/lmss/b/n on input line 149.
LaTeX Font Info:    Overwriting math alphabet `\mathtt' in version `normal'
(Font)                  OT1/lmtt/m/n --> TU/lmtt/m/n on input line 149.
LaTeX Font Info:    Overwriting math alphabet `\mathtt' in version `bold'
(Font)                  OT1/lmtt/m/n --> TU/lmtt/b/n on input line 149.

Package fontspec Info: latinmodern-math scale = 1.077387674758639.


Package fontspec Info: latinmodern-math scale = 1.077387674758639.


Package fontspec Info: latinmodern-math scale = 1.077387674758639.


Package fontspec Info: Font family 'latinmodern-math.otf(0)' created for font
(fontspec)             'latinmodern-math.otf' with options
(fontspec)             [Scale=MatchLowercase,BoldItalicFont={},ItalicFont={},Sm
allCapsFont={},Script=Math,BoldFont={latinmodern-math.otf}].
(fontspec)              
(fontspec)              This font family consists of the following NFSS
(fontspec)             series/shapes:
(fontspec)              
(fontspec)             - 'normal' (m/n) with NFSS spec.:
(fontspec)             <->s*[1.077387674758639]"[latinmodern-math.otf]/OT:scrip
t=math;language=dflt;"
(fontspec)             - 'small caps'  (m/sc) with NFSS spec.: 
(fontspec)             - 'bold' (b/n) with NFSS spec.:
(fontspec)             <->s*[1.077387674758639]"[latinmodern-math.otf]/OT:scrip
t=math;language=dflt;"
(fontspec)             - 'bold small caps'  (b/sc) with NFSS spec.: 

LaTeX Font Info:    Font shape `TU/latinmodern-math.otf(0)/m/n' will be
(Font)              scaled to size 10.77393pt on input line 149.

Package fontspec Info: latinmodern-math scale = 1.077387674758639.


Package fontspec Info: latinmodern-math scale = 1.077387674758639.


Package fontspec Info: latinmodern-math scale = 1.077387674758639.


Package fontspec Info: latinmodern-math scale = 1.077387674758639.


Package fontspec Info: latinmodern-math scale = 1.077387674758639.


Package fontspec Info: Font family 'latinmodern-math.otf(1)' created for font
(fontspec)             'latinmodern-math.otf' with options
(fontspec)             [Scale=MatchLowercase,BoldItalicFont={},ItalicFont={},Sm
allCapsFont={},Script=Math,SizeFeatures={{Size=8.5-},{Size=6-8.5,Font=latinmode
rn-math.otf,Style=MathScript},{Size=-6,Font=latinmodern-math.otf,Style=MathScri
ptScript}},BoldFont={latinmodern-math.otf}].
(fontspec)              
(fontspec)              This font family consists of the following NFSS
(fontspec)             series/shapes:
(fontspec)              
(fontspec)             - 'normal' (m/n) with NFSS spec.:
(fontspec)             <8.5->s*[1.077387674758639]"[latinmodern-math.otf]/OT:sc
ript=math;language=dflt;"<6-8.5>s*[1.077387674758639]"[latinmodern-math.otf]/OT
:script=math;language=dflt;+ssty=0;"<-6>s*[1.077387674758639]"[latinmodern-math
.otf]/OT:script=math;language=dflt;+ssty=1;"
(fontspec)             - 'small caps'  (m/sc) with NFSS spec.: 
(fontspec)             - 'bold' (b/n) with NFSS spec.:
(fontspec)             <->s*[1.077387674758639]"[latinmodern-math.otf]/OT:scrip
t=math;language=dflt;"
(fontspec)             - 'bold small caps'  (b/sc) with NFSS spec.: 

LaTeX Font Info:    Font shape `TU/latinmodern-math.otf(1)/m/n' will be
(Font)              scaled to size 10.77393pt on input line 149.
LaTeX Font Info:    Encoding `OT1' has changed to `TU' for symbol font
(Font)              `operators' in the math version `normal' on input line 149.

LaTeX Font Info:    Overwriting symbol font `operators' in version `normal'
(Font)                  OT1/lmr/m/n --> TU/latinmodern-math.otf(1)/m/n on input
 line 149.
LaTeX Font Info:    Encoding `OT1' has changed to `TU' for symbol font
(Font)              `operators' in the math version `bold' on input line 149.
LaTeX Font Info:    Overwriting symbol font `operators' in version `bold'
(Font)                  OT1/lmr/bx/n --> TU/latinmodern-math.otf(1)/b/n on inpu
t line 149.

Package fontspec Info: latinmodern-math scale = 1.077387674758639.


Package fontspec Info: latinmodern-math scale = 1.077495413526115.


Package fontspec Info: latinmodern-math scale = 1.077387674758639.


Package fontspec Info: latinmodern-math scale = 1.077495413526115.


Package fontspec Info: latinmodern-math scale = 1.077387674758639.


Package fontspec Info: latinmodern-math scale = 1.077495413526115.


Package fontspec Info: latinmodern-math scale = 1.077387674758639.


Package fontspec Info: latinmodern-math scale = 1.077495413526115.


Package fontspec Info: latinmodern-math scale = 1.077387674758639.


Package fontspec Info: latinmodern-math scale = 1.077495413526115.


Package fontspec Info: Font family 'latinmodern-math.otf(2)' created for font
(fontspec)             'latinmodern-math.otf' with options
(fontspec)             [Scale=MatchLowercase,BoldItalicFont={},ItalicFont={},Sm
allCapsFont={},Script=Math,SizeFeatures={{Size=8.5-},{Size=6-8.5,Font=latinmode
rn-math.otf,Style=MathScript},{Size=-6,Font=latinmodern-math.otf,Style=MathScri
ptScript}},BoldFont={latinmodern-math.otf},ScaleAgain=1.0001,FontAdjustment={\f
ontdimen
(fontspec)             8\font =7.29395pt\relax \fontdimen 9\font
(fontspec)             =4.24493pt\relax \fontdimen 10\font =4.78363pt\relax
(fontspec)             \fontdimen 11\font =7.39091pt\relax \fontdimen 12\font
(fontspec)             =3.71701pt\relax \fontdimen 13\font =3.91093pt\relax
(fontspec)             \fontdimen 14\font =3.91093pt\relax \fontdimen 15\font
(fontspec)             =3.11366pt\relax \fontdimen 16\font =2.66116pt\relax
(fontspec)             \fontdimen 17\font =2.66116pt\relax \fontdimen 18\font
(fontspec)             =2.69348pt\relax \fontdimen 19\font =2.15479pt\relax
(fontspec)             \fontdimen 22\font =2.69348pt\relax \fontdimen 20\font
(fontspec)             =0pt\relax \fontdimen 21\font =0pt\relax }].
(fontspec)              
(fontspec)              This font family consists of the following NFSS
(fontspec)             series/shapes:
(fontspec)              
(fontspec)             - 'normal' (m/n) with NFSS spec.:
(fontspec)             <8.5->s*[1.077495413526115]"[latinmodern-math.otf]/OT:sc
ript=math;language=dflt;"<6-8.5>s*[1.077495413526115]"[latinmodern-math.otf]/OT
:script=math;language=dflt;+ssty=0;"<-6>s*[1.077495413526115]"[latinmodern-math
.otf]/OT:script=math;language=dflt;+ssty=1;"
(fontspec)             - 'small caps'  (m/sc) with NFSS spec.: 
(fontspec)             and font adjustment code:
(fontspec)             \fontdimen 8\font =7.29395pt\relax \fontdimen 9\font
(fontspec)             =4.24493pt\relax \fontdimen 10\font =4.78363pt\relax
(fontspec)             \fontdimen 11\font =7.39091pt\relax \fontdimen 12\font
(fontspec)             =3.71701pt\relax \fontdimen 13\font =3.91093pt\relax
(fontspec)             \fontdimen 14\font =3.91093pt\relax \fontdimen 15\font
(fontspec)             =3.11366pt\relax \fontdimen 16\font =2.66116pt\relax
(fontspec)             \fontdimen 17\font =2.66116pt\relax \fontdimen 18\font
(fontspec)             =2.69348pt\relax \fontdimen 19\font =2.15479pt\relax
(fontspec)             \fontdimen 22\font =2.69348pt\relax \fontdimen 20\font
(fontspec)             =0pt\relax \fontdimen 21\font =0pt\relax 
(fontspec)             - 'bold' (b/n) with NFSS spec.:
(fontspec)             <->s*[1.077495413526115]"[latinmodern-math.otf]/OT:scrip
t=math;language=dflt;"
(fontspec)             - 'bold small caps'  (b/sc) with NFSS spec.: 
(fontspec)             and font adjustment code:
(fontspec)             \fontdimen 8\font =7.29395pt\relax \fontdimen 9\font
(fontspec)             =4.24493pt\relax \fontdimen 10\font =4.78363pt\relax
(fontspec)             \fontdimen 11\font =7.39091pt\relax \fontdimen 12\font
(fontspec)             =3.71701pt\relax \fontdimen 13\font =3.91093pt\relax
(fontspec)             \fontdimen 14\font =3.91093pt\relax \fontdimen 15\font
(fontspec)             =3.11366pt\relax \fontdimen 16\font =2.66116pt\relax
(fontspec)             \fontdimen 17\font =2.66116pt\relax \fontdimen 18\font
(fontspec)             =2.69348pt\relax \fontdimen 19\font =2.15479pt\relax
(fontspec)             \fontdimen 22\font =2.69348pt\relax \fontdimen 20\font
(fontspec)             =0pt\relax \fontdimen 21\font =0pt\relax 

LaTeX Font Info:    Encoding `OMS' has changed to `TU' for symbol font
(Font)              `symbols' in the math version `normal' on input line 149.
LaTeX Font Info:    Overwriting symbol font `symbols' in version `normal'
(Font)                  OMS/lmsy/m/n --> TU/latinmodern-math.otf(2)/m/n on inpu
t line 149.
LaTeX Font Info:    Encoding `OMS' has changed to `TU' for symbol font
(Font)              `symbols' in the math version `bold' on input line 149.
LaTeX Font Info:    Overwriting symbol font `symbols' in version `bold'
(Font)                  OMS/lmsy/b/n --> TU/latinmodern-math.otf(2)/b/n on inpu
t line 149.

Package fontspec Info: latinmodern-math scale = 1.077387674758639.


Package fontspec Info: latinmodern-math scale = 1.077279935991163.


Package fontspec Info: latinmodern-math scale = 1.077387674758639.


Package fontspec Info: latinmodern-math scale = 1.077279935991163.


Package fontspec Info: latinmodern-math scale = 1.077387674758639.


Package fontspec Info: latinmodern-math scale = 1.077279935991163.


Package fontspec Info: latinmodern-math scale = 1.077387674758639.


Package fontspec Info: latinmodern-math scale = 1.077279935991163.


Package fontspec Info: latinmodern-math scale = 1.077387674758639.


Package fontspec Info: latinmodern-math scale = 1.077279935991163.


Package fontspec Info: Font family 'latinmodern-math.otf(3)' created for font
(fontspec)             'latinmodern-math.otf' with options
(fontspec)             [Scale=MatchLowercase,BoldItalicFont={},ItalicFont={},Sm
allCapsFont={},Script=Math,SizeFeatures={{Size=8.5-},{Size=6-8.5,Font=latinmode
rn-math.otf,Style=MathScript},{Size=-6,Font=latinmodern-math.otf,Style=MathScri
ptScript}},BoldFont={latinmodern-math.otf},ScaleAgain=0.9999,FontAdjustment={\f
ontdimen
(fontspec)             8\font =0.43095pt\relax \fontdimen 9\font
(fontspec)             =2.15479pt\relax \fontdimen 10\font =1.79924pt\relax
(fontspec)             \fontdimen 11\font =1.1959pt\relax \fontdimen 12\font
(fontspec)             =6.46436pt\relax \fontdimen 13\font =0pt\relax }].
(fontspec)              
(fontspec)              This font family consists of the following NFSS
(fontspec)             series/shapes:
(fontspec)              
(fontspec)             - 'normal' (m/n) with NFSS spec.:
(fontspec)             <8.5->s*[1.077279935991163]"[latinmodern-math.otf]/OT:sc
ript=math;language=dflt;"<6-8.5>s*[1.077279935991163]"[latinmodern-math.otf]/OT
:script=math;language=dflt;+ssty=0;"<-6>s*[1.077279935991163]"[latinmodern-math
.otf]/OT:script=math;language=dflt;+ssty=1;"
(fontspec)             - 'small caps'  (m/sc) with NFSS spec.: 
(fontspec)             and font adjustment code:
(fontspec)             \fontdimen 8\font =0.43095pt\relax \fontdimen 9\font
(fontspec)             =2.15479pt\relax \fontdimen 10\font =1.79924pt\relax
(fontspec)             \fontdimen 11\font =1.1959pt\relax \fontdimen 12\font
(fontspec)             =6.46436pt\relax \fontdimen 13\font =0pt\relax 
(fontspec)             - 'bold' (b/n) with NFSS spec.:
(fontspec)             <->s*[1.077279935991163]"[latinmodern-math.otf]/OT:scrip
t=math;language=dflt;"
(fontspec)             - 'bold small caps'  (b/sc) with NFSS spec.: 
(fontspec)             and font adjustment code:
(fontspec)             \fontdimen 8\font =0.43095pt\relax \fontdimen 9\font
(fontspec)             =2.15479pt\relax \fontdimen 10\font =1.79924pt\relax
(fontspec)             \fontdimen 11\font =1.1959pt\relax \fontdimen 12\font
(fontspec)             =6.46436pt\relax \fontdimen 13\font =0pt\relax 

LaTeX Font Info:    Encoding `OMX' has changed to `TU' for symbol font
(Font)              `largesymbols' in the math version `normal' on input line 1
49.
LaTeX Font Info:    Overwriting symbol font `largesymbols' in version `normal'
(Font)                  OMX/lmex/m/n --> TU/latinmodern-math.otf(3)/m/n on inpu
t line 149.
LaTeX Font Info:    Encoding `OMX' has changed to `TU' for symbol font
(Font)              `largesymbols' in the math version `bold' on input line 149
.
LaTeX Font Info:    Overwriting symbol font `largesymbols' in version `bold'
(Font)                  OMX/lmex/m/n --> TU/latinmodern-math.otf(3)/b/n on inpu
t line 149.
LaTeX Info: Redefining \microtypecontext on input line 149.
Package microtype Info: Character protrusion enabled (level 2).
Package microtype Info: Using protrusion set `basicmath'.
Package microtype Info: No adjustment of tracking.
Package microtype Info: No adjustment of spacing.
Package microtype Info: No adjustment of kerning.
Package microtype Info: Loading generic protrusion settings for font family
(microtype)             `Calibri' (encoding: TU).
(microtype)             For optimal results, create family-specific settings.
(microtype)             See the microtype manual for details.
Package hyperref Info: Link coloring OFF on input line 149.

("C:\Users\user\AppData\Local\Programs\MiKTeX 2.9\tex/latex/hyperref\nameref.st
y"
Package: nameref 2019/09/16 v2.46 Cross-referencing by name of section

("C:\Users\user\AppData\Local\Programs\MiKTeX 2.9\tex/latex/refcount\refcount.s
ty"
Package: refcount 2019/12/15 v3.6 Data extraction from label references (HO)
)
("C:\Users\user\AppData\Local\Programs\MiKTeX 2.9\tex/generic/gettitlestring\ge
ttitlestring.sty"
Package: gettitlestring 2019/12/15 v1.6 Cleanup title references (HO)
)
\c@section@level=\count327
)
LaTeX Info: Redefining \ref on input line 149.
LaTeX Info: Redefining \pageref on input line 149.
LaTeX Info: Redefining \nameref on input line 149.
*geometry* detected driver: pdftex
*geometry* verbose mode - [ preamble ] result:
* driver: pdftex
* paper: <default>
* layout: <same size as paper>
* layoutoffset:(h,v)=(0.0pt,0.0pt)
* modes: 
* h-part:(L,W,R)=(72.26999pt, 469.75502pt, 72.26999pt)
* v-part:(T,H,B)=(72.26999pt, 650.43001pt, 72.26999pt)
* \paperwidth=614.295pt
* \paperheight=794.96999pt
* \textwidth=469.75502pt
* \textheight=650.43001pt
* \oddsidemargin=0.0pt
* \evensidemargin=0.0pt
* \topmargin=-37.0pt
* \headheight=12.0pt
* \headsep=25.0pt
* \topskip=10.0pt
* \footskip=30.0pt
* \marginparwidth=65.0pt
* \marginparsep=11.0pt
* \columnsep=10.0pt
* \skip\footins=9.0pt plus 4.0pt minus 2.0pt
* \hoffset=0.0pt
* \voffset=0.0pt
* \mag=1000
* \@twocolumnfalse
* \@twosidefalse
* \@mparswitchfalse
* \@reversemarginfalse
* (1in=72.27pt=25.4mm, 1cm=28.453pt)


LaTeX Warning: Please use \usepackage{t1enc} with
               \usepackage[hungarian]{babel}, to get accented chars hyphenated.



LaTeX Warning: Please use \usepackage[latin2]{inputenc}
               or \usepackage[utf8]{inputenc}
               with \usepackage[hungarian]{babel}.

("C:\Users\user\AppData\Local\Programs\MiKTeX 2.9\tex/latex/base\article.cls"
LaTeX Info: Redefining \cal on input line 497.
LaTeX Info: Redefining \mit on input line 498.
)
LaTeX Font Info:    Font shape `TU/Calibri(0)/m/n' will be
(Font)              scaled to size 17.28pt on input line 151.
LaTeX Font Info:    Font shape `TU/Calibri(0)/m/n' will be
(Font)              scaled to size 12.0pt on input line 151.
LaTeX Font Info:    Font shape `TU/latinmodern-math.otf(1)/m/n' will be
(Font)              scaled to size 12.92871pt on input line 151.
LaTeX Font Info:    Font shape `TU/latinmodern-math.otf(1)/m/n' will be
(Font)              scaled to size 8.61914pt on input line 151.
LaTeX Font Info:    Font shape `TU/latinmodern-math.otf(1)/m/n' will be
(Font)              scaled to size 6.46436pt on input line 151.
LaTeX Font Info:    Trying to load font information for OML+lmm on input line 1
51.
("C:\Users\user\AppData\Local\Programs\MiKTeX 2.9\tex/latex/lm\omllmm.fd"
File: omllmm.fd 2009/10/30 v1.6 Font defs for Latin Modern
)
LaTeX Font Info:    Font shape `TU/latinmodern-math.otf(2)/m/n' will be
(Font)              scaled to size 12.93pt on input line 151.
LaTeX Font Info:    Font shape `TU/latinmodern-math.otf(2)/m/n' will be
(Font)              scaled to size 8.62pt on input line 151.
LaTeX Font Info:    Font shape `TU/latinmodern-math.otf(2)/m/n' will be
(Font)              scaled to size 6.465pt on input line 151.
LaTeX Font Info:    Font shape `TU/latinmodern-math.otf(3)/m/n' will be
(Font)              scaled to size 12.92743pt on input line 151.
LaTeX Font Info:    Font shape `TU/latinmodern-math.otf(3)/m/n' will be
(Font)              scaled to size 8.61829pt on input line 151.
LaTeX Font Info:    Font shape `TU/latinmodern-math.otf(3)/m/n' will be
(Font)              scaled to size 6.46371pt on input line 151.
LaTeX Font Info:    Trying to load font information for U+msa on input line 151
.
("C:\Users\user\AppData\Local\Programs\MiKTeX 2.9\tex/latex/amsfonts\umsa.fd"
File: umsa.fd 2013/01/14 v3.01 AMS symbols A
)
("C:\Users\user\AppData\Local\Programs\MiKTeX 2.9\tex/latex/microtype\mt-msa.cf
g"
File: mt-msa.cfg 2006/02/04 v1.1 microtype config. file: AMS symbols (a) (RS)
)
LaTeX Font Info:    Trying to load font information for U+msb on input line 151
.
("C:\Users\user\AppData\Local\Programs\MiKTeX 2.9\tex/latex/amsfonts\umsb.fd"
File: umsb.fd 2013/01/14 v3.01 AMS symbols B
)
("C:\Users\user\AppData\Local\Programs\MiKTeX 2.9\tex/latex/microtype\mt-msb.cf
g"
File: mt-msb.cfg 2005/06/01 v1.0 microtype config. file: AMS symbols (b) (RS)
)
LaTeX Font Info:    Font shape `TU/Calibri(0)/m/n' will be
(Font)              scaled to size 8.0pt on input line 151.
LaTeX Font Info:    Font shape `TU/Calibri(0)/m/n' will be
(Font)              scaled to size 9.59998pt on input line 151.
LaTeX Font Info:    Font shape `TU/latinmodern-math.otf(1)/m/n' will be
(Font)              scaled to size 5.38696pt on input line 151.
LaTeX Font Info:    Font shape `TU/latinmodern-math.otf(2)/m/n' will be
(Font)              scaled to size 5.3875pt on input line 151.
LaTeX Font Info:    Font shape `TU/latinmodern-math.otf(3)/m/n' will be
(Font)              scaled to size 5.38643pt on input line 151.
LaTeX Font Info:    Font shape `TU/Calibri(0)/m/n' will be
(Font)              scaled to size 6.0pt on input line 151.
LaTeX Font Info:    Font shape `TU/Calibri(0)/m/n' will be
(Font)              scaled to size 7.19998pt on input line 151.
LaTeX Font Info:    Font shape `TU/Calibri(0)/m/n' will be
(Font)              scaled to size 14.4pt on input line 154.
LaTeX Font Info:    Font shape `TU/Calibri(0)/b/n' will be
(Font)              scaled to size 14.4pt on input line 154.
(ujdemografiaiprogram.toc
LaTeX Font Info:    Font shape `TU/Calibri(0)/b/n' will be
(Font)              scaled to size 10.0pt on input line 1.
LaTeX Font Info:    Font shape `TU/latinmodern-math.otf(1)/m/n' will be
(Font)              scaled to size 7.54175pt on input line 3.
LaTeX Font Info:    Font shape `TU/latinmodern-math.otf(2)/m/n' will be
(Font)              scaled to size 10.775pt on input line 3.
LaTeX Font Info:    Font shape `TU/latinmodern-math.otf(2)/m/n' will be
(Font)              scaled to size 7.5425pt on input line 3.
LaTeX Font Info:    Font shape `TU/latinmodern-math.otf(3)/m/n' will be
(Font)              scaled to size 10.77286pt on input line 3.
LaTeX Font Info:    Font shape `TU/latinmodern-math.otf(3)/m/n' will be
(Font)              scaled to size 7.541pt on input line 3.
)
\tf@toc=\write4
\openout4 = `ujdemografiaiprogram.toc'.

[1


]
File: ujdemografiaiprogram_files/figure-latex/unnamed-chunk-2-1.pdf Graphic fil
e (type pdf)
<use ujdemografiaiprogram_files/figure-latex/unnamed-chunk-2-1.pdf>
File: ujdemografiaiprogram_files/figure-latex/unnamed-chunk-3-1.pdf Graphic fil
e (type pdf)
<use ujdemografiaiprogram_files/figure-latex/unnamed-chunk-3-1.pdf>
File: ujdemografiaiprogram_files/figure-latex/unnamed-chunk-8-1.pdf Graphic fil
e (type pdf)
<use ujdemografiaiprogram_files/figure-latex/unnamed-chunk-8-1.pdf>
[1]
File: ujdemografiaiprogram_files/figure-latex/unnamed-chunk-14-1.pdf Graphic fi
le (type pdf)
<use ujdemografiaiprogram_files/figure-latex/unnamed-chunk-14-1.pdf>
File: ujdemografiaiprogram_files/figure-latex/unnamed-chunk-15-1.pdf Graphic fi
le (type pdf)
<use ujdemografiaiprogram_files/figure-latex/unnamed-chunk-15-1.pdf>
[2] [3] [4] [5] [6]
File: ujdemografiaiprogram_files/figure-latex/unnamed-chunk-19-1.pdf Graphic fi
le (type pdf)
<use ujdemografiaiprogram_files/figure-latex/unnamed-chunk-19-1.pdf>
[7


] (ujdemografiaiprogram.bbl
LaTeX Font Info:    Font shape `TU/Calibri(0)/m/it' will be
(Font)              scaled to size 10.0pt on input line 6.
)
LaTeX Font Info:    Font shape `TU/Calibri(0)/b/n' will be
(Font)              scaled to size 12.0pt on input line 327.
LaTeX Font Info:    Font shape `TU/Calibri(0)/m/n' will be
(Font)              scaled to size 5.0pt on input line 331.
LaTeX Font Info:    Font shape `TU/lmtt/bx/n' in size <10> not available
(Font)              Font shape `TU/lmtt/b/n' tried instead on input line 332.
[8]
Underfull \vbox (badness 10000) detected at line 590
 []


Underfull \vbox (badness 10000) detected at line 590
 []

[9]
Underfull \vbox (badness 10000) detected at line 590
 []


Underfull \vbox (badness 10000) detected at line 590
 []

[10]
Underfull \vbox (badness 10000) detected at line 590
 []


Underfull \vbox (badness 10000) detected at line 590
 []

[11]
Underfull \vbox (badness 10000) detected at line 590
 []


Underfull \vbox (badness 10000) detected at line 590
 []

[12] [13] (ujdemografiaiprogram.aux) ) 
Here is how much of TeX's memory you used:
 22915 strings out of 412249
 389611 string characters out of 2850734
 1021279 words of memory out of 3000000
 42035 multiletter control sequences out of 15000+200000
 541765 words of font info for 98 fonts, out of 3000000 for 9000
 1348 hyphenation exceptions out of 8191
 84i,12n,121p,527b,471s stack positions out of 5000i,500n,10000p,200000b,50000s

Output written on ujdemografiaiprogram.pdf (14 pages).
